17:37:27.716 INFO [main] org.lenskit.cli.Main: Starting LensKit 3.0-M1 on Java 1.8.0_181 from Oracle Corporation
17:37:27.731 DEBUG [main] org.lenskit.LenskitInfo: have 5573 active revisions
17:37:27.747 DEBUG [main] org.lenskit.cli.Main: Built from Git revision c0210fa3281ef8b15b0959bcd5fced43c5fec38a
17:37:27.747 DEBUG [main] org.lenskit.cli.Main: Using VM 'Java HotSpot(TM) 64-Bit Server VM' version 25.181-b13 from Oracle Corporation
17:37:27.747 INFO [main] org.lenskit.cli.Main: Have 8 processors and heap limit of 3607 MiB
17:37:27.747 INFO [main] org.lenskit.cli.util.RecommenderLoader: creating fresh recommender
17:37:27.951 INFO [main] org.lenskit.config.ConfigurationLoader: loading script from file:/C:/Users/jpall/D/thesis/Coursera_Reco_Course/projects/Assignment1/nonpers-assignment/etc/lift-assoc.groovy
17:37:28.326 DEBUG [main] org.lenskit.data.dao.file.TextEntitySource: loading source ratings with base URI file:/C:/Users/jpall/D/thesis/Coursera_Reco_Course/projects/Assignment1/nonpers-assignment/data/movielens.yml
17:37:28.326 DEBUG [main] org.lenskit.data.dao.file.TextEntitySource: resolved file URI: file:/C:/Users/jpall/D/thesis/Coursera_Reco_Course/projects/Assignment1/nonpers-assignment/data/ratings.csv
17:37:28.342 INFO [main] org.lenskit.data.dao.file.TextEntitySource: loading text file source ratings to read from file:/C:/Users/jpall/D/thesis/Coursera_Reco_Course/projects/Assignment1/nonpers-assignment/data/ratings.csv
17:37:28.342 DEBUG [main] org.lenskit.data.dao.file.TextEntitySource: ratings: using delimiter ,
17:37:28.342 DEBUG [main] org.lenskit.data.dao.file.TextEntitySource: ratings: reading header
17:37:28.342 DEBUG [main] org.lenskit.data.dao.file.TextEntitySource: ratings: reading entities of type EntityType[rating]
17:37:28.370 DEBUG [main] org.lenskit.data.dao.file.TextEntitySource: class org.lenskit.data.ratings.RatingBuilder: using entity builder {}
17:37:28.370 DEBUG [main] org.lenskit.data.dao.file.TextEntitySource: loading source movies with base URI file:/C:/Users/jpall/D/thesis/Coursera_Reco_Course/projects/Assignment1/nonpers-assignment/data/movielens.yml
17:37:28.370 DEBUG [main] org.lenskit.data.dao.file.TextEntitySource: resolved file URI: file:/C:/Users/jpall/D/thesis/Coursera_Reco_Course/projects/Assignment1/nonpers-assignment/data/movies.csv
17:37:28.370 INFO [main] org.lenskit.data.dao.file.TextEntitySource: loading text file source movies to read from file:/C:/Users/jpall/D/thesis/Coursera_Reco_Course/projects/Assignment1/nonpers-assignment/data/movies.csv
17:37:28.370 DEBUG [main] org.lenskit.data.dao.file.TextEntitySource: movies: using delimiter ,
17:37:28.370 DEBUG [main] org.lenskit.data.dao.file.TextEntitySource: movies: reading header
17:37:28.370 DEBUG [main] org.lenskit.data.dao.file.TextEntitySource: movies: reading entities of type EntityType[item]
17:37:28.370 DEBUG [main] org.lenskit.data.dao.file.TextEntitySource: class org.lenskit.data.entities.BasicEntityBuilder: using entity builder {}
17:37:28.370 DEBUG [main] org.lenskit.data.dao.file.TextEntitySource: loading source tags with base URI file:/C:/Users/jpall/D/thesis/Coursera_Reco_Course/projects/Assignment1/nonpers-assignment/data/movielens.yml
17:37:28.370 DEBUG [main] org.lenskit.data.dao.file.TextEntitySource: resolved file URI: file:/C:/Users/jpall/D/thesis/Coursera_Reco_Course/projects/Assignment1/nonpers-assignment/data/tags.csv
17:37:28.370 INFO [main] org.lenskit.data.dao.file.TextEntitySource: loading text file source tags to read from file:/C:/Users/jpall/D/thesis/Coursera_Reco_Course/projects/Assignment1/nonpers-assignment/data/tags.csv
17:37:28.370 DEBUG [main] org.lenskit.data.dao.file.TextEntitySource: tags: using delimiter ,
17:37:28.370 DEBUG [main] org.lenskit.data.dao.file.TextEntitySource: tags: reading header
17:37:28.370 DEBUG [main] org.lenskit.data.dao.file.TextEntitySource: tags: reading entities of type EntityType[item-tag]
17:37:28.370 DEBUG [main] org.lenskit.data.dao.file.TextEntitySource: class org.lenskit.data.entities.BasicEntityBuilder: using entity builder {}
17:37:28.385 DEBUG [main] org.lenskit.LenskitRecommenderEngineBuilder: building graph from 3 configurations
17:37:28.432 DEBUG [main] org.lenskit.inject.RecommenderInstantiator: replacing nodes in graph with 9 nodes
17:37:28.432 DEBUG [main] org.lenskit.inject.RecommenderInstantiator: found 5 shared nodes
17:37:29.062 INFO [main] org.lenskit.data.dao.file.StaticDataSource: deriving entity type EntityType[user] from EntityType[rating] (column TypedName[user: long])
17:37:29.109 INFO [main] org.lenskit.data.dao.file.StaticDataSource: deriving entity type EntityType[item] from EntityType[rating] (column TypedName[item: long])
17:37:29.147 DEBUG [main] org.lenskit.data.entities.EntityCollectionBuilder: built collection of 2500 entities with type EntityType[item] and 2 indexes
17:37:29.162 DEBUG [main] org.lenskit.data.entities.EntityCollectionBuilder: built collection of 264505 entities with type EntityType[rating] and 2 indexes
17:37:29.162 DEBUG [main] org.lenskit.data.entities.EntityCollectionBuilder: built collection of 94875 entities with type EntityType[item-tag] and 2 indexes
17:37:29.162 DEBUG [main] org.lenskit.data.entities.EntityCollectionBuilder: built collection of 862 entities with type EntityType[user] and 2 indexes
17:37:49.113 DEBUG [main] org.lenskit.mooc.nonpers.assoc.AssociationModel: transforming input map for 2500 items into log data
17:37:49.317 DEBUG [main] org.lenskit.inject.RecommenderInstantiator: final graph has 9 nodes
17:37:49.317 INFO [main] org.lenskit.cli.util.RecommenderLoader: built recommender in 20.94 s
17:37:49.317 INFO [main] org.lenskit.cli.commands.GlobalRecommend: using 1 reference items: [2761]
17:37:49.333 INFO [main] org.lenskit.cli.commands.GlobalRecommend: recommended in 9.694 ms
17:37:49.333 INFO [main] org.lenskit.cli.Main: If you use LensKit in published research, please see http://lenskit.org/research/
