14:56:49.875 INFO [main] org.lenskit.cli.Main: Starting LensKit 3.0-M1 on Java 1.8.0_181 from Oracle Corporation
14:56:49.913 DEBUG [main] org.lenskit.LenskitInfo: have 5573 active revisions
14:56:49.917 DEBUG [main] org.lenskit.cli.Main: Built from Git revision c0210fa3281ef8b15b0959bcd5fced43c5fec38a
14:56:49.917 DEBUG [main] org.lenskit.cli.Main: Using VM 'Java HotSpot(TM) 64-Bit Server VM' version 25.181-b13 from Oracle Corporation
14:56:49.917 INFO [main] org.lenskit.cli.Main: Have 8 processors and heap limit of 3607 MiB
14:56:49.932 INFO [main] org.lenskit.cli.util.RecommenderLoader: creating fresh recommender
14:56:50.223 INFO [main] org.lenskit.config.ConfigurationLoader: loading script from file:/C:/Users/jpall/D/thesis/Coursera_Reco_Course/projects/Assignment1/nonpers-assignment/etc/damped-mean.groovy
14:56:50.750 DEBUG [main] org.lenskit.data.dao.file.TextEntitySource: loading source ratings with base URI file:/C:/Users/jpall/D/thesis/Coursera_Reco_Course/projects/Assignment1/nonpers-assignment/data/movielens.yml
14:56:50.750 DEBUG [main] org.lenskit.data.dao.file.TextEntitySource: resolved file URI: file:/C:/Users/jpall/D/thesis/Coursera_Reco_Course/projects/Assignment1/nonpers-assignment/data/ratings.csv
14:56:50.760 INFO [main] org.lenskit.data.dao.file.TextEntitySource: loading text file source ratings to read from file:/C:/Users/jpall/D/thesis/Coursera_Reco_Course/projects/Assignment1/nonpers-assignment/data/ratings.csv
14:56:50.763 DEBUG [main] org.lenskit.data.dao.file.TextEntitySource: ratings: using delimiter ,
14:56:50.763 DEBUG [main] org.lenskit.data.dao.file.TextEntitySource: ratings: reading header
14:56:50.763 DEBUG [main] org.lenskit.data.dao.file.TextEntitySource: ratings: reading entities of type EntityType[rating]
14:56:50.808 DEBUG [main] org.lenskit.data.dao.file.TextEntitySource: class org.lenskit.data.ratings.RatingBuilder: using entity builder {}
14:56:50.808 DEBUG [main] org.lenskit.data.dao.file.TextEntitySource: loading source movies with base URI file:/C:/Users/jpall/D/thesis/Coursera_Reco_Course/projects/Assignment1/nonpers-assignment/data/movielens.yml
14:56:50.808 DEBUG [main] org.lenskit.data.dao.file.TextEntitySource: resolved file URI: file:/C:/Users/jpall/D/thesis/Coursera_Reco_Course/projects/Assignment1/nonpers-assignment/data/movies.csv
14:56:50.808 INFO [main] org.lenskit.data.dao.file.TextEntitySource: loading text file source movies to read from file:/C:/Users/jpall/D/thesis/Coursera_Reco_Course/projects/Assignment1/nonpers-assignment/data/movies.csv
14:56:50.808 DEBUG [main] org.lenskit.data.dao.file.TextEntitySource: movies: using delimiter ,
14:56:50.808 DEBUG [main] org.lenskit.data.dao.file.TextEntitySource: movies: reading header
14:56:50.808 DEBUG [main] org.lenskit.data.dao.file.TextEntitySource: movies: reading entities of type EntityType[item]
14:56:50.809 DEBUG [main] org.lenskit.data.dao.file.TextEntitySource: class org.lenskit.data.entities.BasicEntityBuilder: using entity builder {}
14:56:50.809 DEBUG [main] org.lenskit.data.dao.file.TextEntitySource: loading source tags with base URI file:/C:/Users/jpall/D/thesis/Coursera_Reco_Course/projects/Assignment1/nonpers-assignment/data/movielens.yml
14:56:50.809 DEBUG [main] org.lenskit.data.dao.file.TextEntitySource: resolved file URI: file:/C:/Users/jpall/D/thesis/Coursera_Reco_Course/projects/Assignment1/nonpers-assignment/data/tags.csv
14:56:50.809 INFO [main] org.lenskit.data.dao.file.TextEntitySource: loading text file source tags to read from file:/C:/Users/jpall/D/thesis/Coursera_Reco_Course/projects/Assignment1/nonpers-assignment/data/tags.csv
14:56:50.809 DEBUG [main] org.lenskit.data.dao.file.TextEntitySource: tags: using delimiter ,
14:56:50.809 DEBUG [main] org.lenskit.data.dao.file.TextEntitySource: tags: reading header
14:56:50.809 DEBUG [main] org.lenskit.data.dao.file.TextEntitySource: tags: reading entities of type EntityType[item-tag]
14:56:50.809 DEBUG [main] org.lenskit.data.dao.file.TextEntitySource: class org.lenskit.data.entities.BasicEntityBuilder: using entity builder {}
14:56:50.811 DEBUG [main] org.lenskit.LenskitRecommenderEngineBuilder: building graph from 3 configurations
14:56:50.875 DEBUG [main] org.lenskit.inject.RecommenderInstantiator: replacing nodes in graph with 10 nodes
14:56:50.882 DEBUG [main] org.lenskit.inject.RecommenderInstantiator: found 6 shared nodes
14:56:51.688 INFO [main] org.lenskit.data.dao.file.StaticDataSource: deriving entity type EntityType[user] from EntityType[rating] (column TypedName[user: long])
14:56:51.775 INFO [main] org.lenskit.data.dao.file.StaticDataSource: deriving entity type EntityType[item] from EntityType[rating] (column TypedName[item: long])
14:56:51.814 DEBUG [main] org.lenskit.data.entities.EntityCollectionBuilder: built collection of 2500 entities with type EntityType[item] and 2 indexes
14:56:51.838 DEBUG [main] org.lenskit.data.entities.EntityCollectionBuilder: built collection of 264505 entities with type EntityType[rating] and 2 indexes
14:56:51.851 DEBUG [main] org.lenskit.data.entities.EntityCollectionBuilder: built collection of 94875 entities with type EntityType[item-tag] and 2 indexes
14:56:51.851 DEBUG [main] org.lenskit.data.entities.EntityCollectionBuilder: built collection of 862 entities with type EntityType[user] and 2 indexes
14:56:52.324 DEBUG [main] org.lenskit.inject.RecommenderInstantiator: final graph has 10 nodes
14:56:52.325 INFO [main] org.lenskit.cli.util.RecommenderLoader: built recommender in 1.514 s
14:56:52.330 INFO [main] org.lenskit.cli.commands.GlobalRecommend: using 0 reference items: []
14:56:52.331 INFO [main] org.lenskit.mooc.nonpers.mean.MeanItemBasedItemRecommender: computing 10 recommendations from 2500 items
14:56:52.590 INFO [main] org.lenskit.cli.commands.GlobalRecommend: recommended in 262.0 ms
14:56:52.598 INFO [main] org.lenskit.cli.Main: If you use LensKit in published research, please see http://lenskit.org/research/
