14:24:45.623 INFO [main] org.lenskit.cli.Main: Starting LensKit 3.0-M1 on Java 1.8.0_181 from Oracle Corporation
14:24:45.638 DEBUG [main] org.lenskit.LenskitInfo: have 5573 active revisions
14:24:45.654 DEBUG [main] org.lenskit.cli.Main: Built from Git revision c0210fa3281ef8b15b0959bcd5fced43c5fec38a
14:24:45.654 DEBUG [main] org.lenskit.cli.Main: Using VM 'Java HotSpot(TM) 64-Bit Server VM' version 25.181-b13 from Oracle Corporation
14:24:45.654 INFO [main] org.lenskit.cli.Main: Have 8 processors and heap limit of 3607 MiB
14:24:45.669 INFO [main] org.lenskit.cli.util.RecommenderLoader: creating fresh recommender
14:24:45.904 INFO [main] org.lenskit.config.ConfigurationLoader: loading script from file:/C:/Users/jpall/D/thesis/Coursera_Reco_Course/projects/Assignment1/nonpers-assignment/etc/simple-assoc.groovy
14:24:46.344 DEBUG [main] org.lenskit.data.dao.file.TextEntitySource: loading source ratings with base URI file:/C:/Users/jpall/D/thesis/Coursera_Reco_Course/projects/Assignment1/nonpers-assignment/data/movielens.yml
14:24:46.344 DEBUG [main] org.lenskit.data.dao.file.TextEntitySource: resolved file URI: file:/C:/Users/jpall/D/thesis/Coursera_Reco_Course/projects/Assignment1/nonpers-assignment/data/ratings.csv
14:24:46.360 INFO [main] org.lenskit.data.dao.file.TextEntitySource: loading text file source ratings to read from file:/C:/Users/jpall/D/thesis/Coursera_Reco_Course/projects/Assignment1/nonpers-assignment/data/ratings.csv
14:24:46.360 DEBUG [main] org.lenskit.data.dao.file.TextEntitySource: ratings: using delimiter ,
14:24:46.360 DEBUG [main] org.lenskit.data.dao.file.TextEntitySource: ratings: reading header
14:24:46.360 DEBUG [main] org.lenskit.data.dao.file.TextEntitySource: ratings: reading entities of type EntityType[rating]
14:24:46.391 DEBUG [main] org.lenskit.data.dao.file.TextEntitySource: class org.lenskit.data.ratings.RatingBuilder: using entity builder {}
14:24:46.391 DEBUG [main] org.lenskit.data.dao.file.TextEntitySource: loading source movies with base URI file:/C:/Users/jpall/D/thesis/Coursera_Reco_Course/projects/Assignment1/nonpers-assignment/data/movielens.yml
14:24:46.391 DEBUG [main] org.lenskit.data.dao.file.TextEntitySource: resolved file URI: file:/C:/Users/jpall/D/thesis/Coursera_Reco_Course/projects/Assignment1/nonpers-assignment/data/movies.csv
14:24:46.391 INFO [main] org.lenskit.data.dao.file.TextEntitySource: loading text file source movies to read from file:/C:/Users/jpall/D/thesis/Coursera_Reco_Course/projects/Assignment1/nonpers-assignment/data/movies.csv
14:24:46.391 DEBUG [main] org.lenskit.data.dao.file.TextEntitySource: movies: using delimiter ,
14:24:46.391 DEBUG [main] org.lenskit.data.dao.file.TextEntitySource: movies: reading header
14:24:46.391 DEBUG [main] org.lenskit.data.dao.file.TextEntitySource: movies: reading entities of type EntityType[item]
14:24:46.391 DEBUG [main] org.lenskit.data.dao.file.TextEntitySource: class org.lenskit.data.entities.BasicEntityBuilder: using entity builder {}
14:24:46.391 DEBUG [main] org.lenskit.data.dao.file.TextEntitySource: loading source tags with base URI file:/C:/Users/jpall/D/thesis/Coursera_Reco_Course/projects/Assignment1/nonpers-assignment/data/movielens.yml
14:24:46.391 DEBUG [main] org.lenskit.data.dao.file.TextEntitySource: resolved file URI: file:/C:/Users/jpall/D/thesis/Coursera_Reco_Course/projects/Assignment1/nonpers-assignment/data/tags.csv
14:24:46.391 INFO [main] org.lenskit.data.dao.file.TextEntitySource: loading text file source tags to read from file:/C:/Users/jpall/D/thesis/Coursera_Reco_Course/projects/Assignment1/nonpers-assignment/data/tags.csv
14:24:46.391 DEBUG [main] org.lenskit.data.dao.file.TextEntitySource: tags: using delimiter ,
14:24:46.391 DEBUG [main] org.lenskit.data.dao.file.TextEntitySource: tags: reading header
14:24:46.391 DEBUG [main] org.lenskit.data.dao.file.TextEntitySource: tags: reading entities of type EntityType[item-tag]
14:24:46.407 DEBUG [main] org.lenskit.data.dao.file.TextEntitySource: class org.lenskit.data.entities.BasicEntityBuilder: using entity builder {}
14:24:46.407 DEBUG [main] org.lenskit.LenskitRecommenderEngineBuilder: building graph from 3 configurations
14:24:46.454 DEBUG [main] org.lenskit.inject.RecommenderInstantiator: replacing nodes in graph with 9 nodes
14:24:46.469 DEBUG [main] org.lenskit.inject.RecommenderInstantiator: found 5 shared nodes
14:24:47.283 INFO [main] org.lenskit.data.dao.file.StaticDataSource: deriving entity type EntityType[user] from EntityType[rating] (column TypedName[user: long])
14:24:47.345 INFO [main] org.lenskit.data.dao.file.StaticDataSource: deriving entity type EntityType[item] from EntityType[rating] (column TypedName[item: long])
14:24:47.376 DEBUG [main] org.lenskit.data.entities.EntityCollectionBuilder: built collection of 2500 entities with type EntityType[item] and 2 indexes
14:24:47.392 DEBUG [main] org.lenskit.data.entities.EntityCollectionBuilder: built collection of 264505 entities with type EntityType[rating] and 2 indexes
14:24:47.408 DEBUG [main] org.lenskit.data.entities.EntityCollectionBuilder: built collection of 94875 entities with type EntityType[item-tag] and 2 indexes
14:24:47.408 DEBUG [main] org.lenskit.data.entities.EntityCollectionBuilder: built collection of 862 entities with type EntityType[user] and 2 indexes
14:26:09.350 DEBUG [main] org.lenskit.mooc.nonpers.assoc.AssociationModel: transforming input map for 2500 items into log data
14:26:09.569 DEBUG [main] org.lenskit.inject.RecommenderInstantiator: final graph has 9 nodes
14:26:09.569 INFO [main] org.lenskit.cli.util.RecommenderLoader: built recommender in 1.386 min
14:26:09.584 INFO [main] org.lenskit.cli.commands.GlobalRecommend: using 1 reference items: [260]
14:26:09.584 INFO [main] org.lenskit.cli.commands.GlobalRecommend: recommended in 10.65 ms
14:26:09.584 INFO [main] org.lenskit.cli.Main: If you use LensKit in published research, please see http://lenskit.org/research/
